0.198773063124
0.269039917142
0.267165138723
0.256006066752
0.261983714425
0.251283904502
0.256644690637
0.268557607868
0.251283904502
0.251283904502
0.251283904502
0.252116699112
0.251771556189
0.269139169676
0.254476667562
0.232926864606
0.264726697556
0.260436300573
0.261085961011
0.259228619527
0.251283904502
0.258470650783
0.260058940735
0.251283904502
0.269021904747
0.251283904502
0.264713121326
0.262572742318
0.255345651725
0.22770538768
0.251283904502
0.244797824155
0.251283904502
0.249872497894
0.251283904502
0.251283904502
0.269151711165
0.26758053008
0.268245264245
0.221714253191
0.252979620779
0.262824070125
0.268674576296
0.262009866541
0.251283904502
0.249861740135
0.248312836808
0.251283904502
0.21663101485
0.269177186016
0.260438589355
0.194022209073
0.26758053008
0.264692122582
0.264099557084
0.259830343502
0.251283904502
0.254642993503
0.26174290981
0.253095936063
0.260626926822
0.26129077882
0.258746488482
0.26912051494
0.263655157168
0.261795041261
0.260076503689
0.266854333674
0.267690983074
0.262383700616
0.250283213156
0.260424741674
0.269166775717
0.262109990471
0.251283904502
0.259358353016
0.266156673851
0.258453298842
0.261964616682
0.239603423023
0.264692122582
0.247930869746
0.256874917504
0.181805169996
0.246119574916
0.267144911784
0.251283904502
0.248062461367
0.256796296575
0.268705799645
0.257759411669
0.269143121489
0.257890373973
0.267144911784
0.265865814322
0.262573881325
0.251283904502
0.251283904502
0.261900130067
0.268813249379
0.264420292035
0.260600774378
0.266366255993
0.265623279631
0.262202424781
0.268266355812
0.26194804238
0.257310884093
0.262414001408
0.219477737785
0.260726381966
0.251716678274
0.251932256908
0.259330739969
0.26758053008
0.254275313945
0.263206198569
0.264441492802
0.26088336283
0.268172007855
0.265067816272
0.259361050531
0.262531910436
0.243748834209
0.263865778304
0.232517677595
0.26124666018
0.258202430938
0.239603423023
0.261536854275
0.265144757944
0.251283904502
0.269172194775
0.265617682633
0.258153811341
0.268556134917
0.265261294743
0.258662406344
0.25452805816
0.261586283146
0.256804681116
0.250422685779
0.254248415864
0.268865225903
0.24941999248
0.266382026588
0.261246653861
0.266973253228
0.257232829433
0.26011376107
0.251283904502
0.26913019493
0.267939693004
0.233496817647
0.257186690337
0.259714036207
0.268557097517
0.253700025964
0.258219644307
0.265694358513
0.253696359532
0.268915892224
0.259144116054
0.251613838882
0.261246653861
0.258303353298
0.240773859423
0.268859873191
0.265637165668
0.262788973013
0.263503840439
0.252365144754
0.268559991563
0.261771585762
0.252719713355
0.251283904502
0.255383779357
0.261647560672
0.259375236113
0.236784997592
0.256784585131
0.251283904502
0.251283904502
0.262354401832
0.266494423441
0.259618729261
0.262669179345
0.260737768551
0.269039917142
0.268457294638
0.248656164755
0.226019919157
0.268055994795
0.251283904502
0.265478304802
0.260997582085
0.256978996734
0.268409664598
0.253399371232
0.251283904502
0.260847614904
0.256945431997
0.266565985955
0.251283904502
0.251283904502
0.25206879475
0.247445346707
0.262199984549
0.253422550054
0.251283904502
0.264692122582
0.251283904502
0.267406746802
0.251283904502
0.261023862386
0.264214730748
0.26124666018
0.258386300912
0.259742904324
0.248732092165
0.267084492273
0.254973945692
0.263229026127
0.250445667306
0.263812875059
0.250509066624
0.252825596908
0.261586283146
0.258746488482
0.266914033388
0.264261269314
0.251283904502
0.266494423441
0.251283904502
0.257690102205
0.263655157168
0.257485120117
0.269011748001
0.257569337799
0.257445195473
0.243149475799
0.267569597959
0.269089817738
0.259654747653
0.256567339415
0.263774525485
0.252768538546
0.251283904502
0.25805864871
0.267879995413
0.26678326662
0.251283904502
0.266008302333
0.260406498622
0.247157565045
0.25604130613
0.266337564259
0.268241263646
0.263830489287
0.251283904502
0.245956753115
0.259442681625
0.242939122121
0.269089817738
0.264598578807
0.262468056297
0.25576466539
0.257470170611
0.263250540298
0.247742564319
0.233145017066
0.263144116956
0.262813701628
0.261047851187
0.249499944052
0.260556293296
0.26758053008
0.264859679979
0.2490265332
0.26903158621
0.254415100534
0.266112719969
0.251283904502
0.26164292215
0.223166298428
0.263056680292
0.251670176545
0.251283904502
0.268771434164
0.254925077074
0.251047919953
0.265691231195
0.263361599976
0.257629262981
0.263185303092
0.266175733519
0.251283904502
0.260076503689
0.265863414451
0.263946243161
0.26124666018
0.251283904502
0.267923078529
0.259780018014
0.259585098273
0.229752231452
0.263986021764
0.268096403852
0.261586283146
0.254877881384
0.262971799158
0.257485122049
0.261725107382
0.251283904502
0.256086986914
0.261043171882
0.248290569687
0.232378907779
0.260344056194
0.25964613621
0.259030082201
0.269124820942
0.251283904502
0.262743980219
0.267816680018
0.255388281804
0.260252953176
0.248029281573
0.260956436985
0.265142796802
0.259144116054
0.247392389445
0.251283904502
0.26093949416
0.268774471683
0.251283904502
0.26124666018
0.261047885539
0.263185303092
0.269089604781
0.267949224424
0.257609395213
0.267363165997
0.257338871209
0.266099129559
0.267144911784
0.269042616352
0.253892977554
0.251283904502
0.26466224443
0.263231061511
0.243829250945
0.259134427939
0.253390536858
0.257694306156
0.258576765276
0.251283904502
0.244748380406
0.262250975446
0.265102714326
0.256885021136
0.262577590349
0.253690098282
0.260076503689
0.242037091186
0.263000840677
0.254414276667
0.265675197501
0.262842309758
0.268409664598
0.259144116054
0.255675230184
0.267114883255
0.251283904502
0.250725327345
0.262758419358
0.256784585131
0.258746488482
0.266436063282
0.269162573936
0.259643465568
0.215359746034
0.251283904502
0.264038218255
0.251283904502
0.261044064827
0.258562032223
0.259531817956
0.265218770679
0.251283904502
0.268409664598
0.26377767027
0.269033849221
0.259585094784
0.259397088845
0.263558685348
0.259529670095
0.258244934993
0.251283904502
0.251283904502
0.258977708902
0.265086593008
0.259255130246
0.267194015144
0.258272464315
0.243839463211
0.266049870911
0.26545845997
0.267911441038
0.26691403588
0.256284478094
0.254453382397
0.264614705811
0.265863414451
0.261420379777
