0.324749551847
0.308698774223
0.317619447042
0.392808083926
0.382347459578
0.286006701471
0.355714379305
0.331819251701
0.335490310192
0.303516464755
0.280515305677
0.351468185232
0.382671911244
0.356157219767
0.248240397642
0.163057258266
0.4126808843
0.251989632386
0.360384895241
0.359850395858
0.321761410181
0.378326626398
0.371637800384
0.315851735418
-0.0297969466346
-0.332161723807
0.355946986843
0.232839422818
0.327209959608
0.363293633867
0.432562394604
0.368843153134
0.355634343552
0.351143340996
0.301603205649
0.263736128073
0.340983428319
0.299713812049
0.314165821752
0.2506953684
0.322897067065
0.353802438588
0.348749385183
0.387422166609
0.347759264818
0.372245526008
0.349081469407
0.354965143545
0.362262140316
0.280059715065
0.262830800874
0.33811384277
0.358638338995
0.339372243485
0.349383889301
0.200665212972
0.356277616599
0.261783981292
0.289087782906
0.373395384721
0.354687407543
0.338774069969
0.425226570414
0.343122678908
0.401236780663
0.28266161744
0.385853703331
0.369511738551
0.31480475244
0.282692384165
0.367534142873
0.319796805634
0.346243408741
0.321012058775
0.398248499983
0.33167547683
0.362208269398
0.369620242172
0.309578686676
0.319661705083
0.433798061752
0.317661438088
0.386227228779
0.3373522869
0.271765821208
0.349358774059
0.381094882768
0.300430995006
0.362324984201
0.38853962445
0.335567919659
0.347182306204
0.364298322298
0.343378577031
0.35397811893
0.352923222194
0.33687966065
0.353023978583
0.362043908622
0.356379690837
0.302010294662
0.347783925647
0.348001002074
0.329037197889
0.367539109078
0.342108194668
0.36057497895
0.376942159131
0.35835589104
0.398092234297
0.360490241529
0.350008675637
0.337380708076
0.347261740838
0.338274785047
0.37568774608
0.347351518758
0.332601628475
0.360276386729
0.350148716695
0.332095581738
0.351211307881
0.353649786045
0.327030535648
0.424513647351
0.37002450786
0.354844768939
0.344155267608
0.348742911342
0.336343341666
0.40129984211
0.353166494706
0.353124478508
0.368857623429
0.388882775101
0.341173437437
0.360837679495
0.363490203179
0.351347201194
0.337196599154
0.312028549112
0.343570654665
0.353246233711
0.355194005429
0.339480438006
0.400151627342
0.357322357605
0.347718102651
0.399249804978
0.339522696601
0.325693789733
0.309467125586
0.331080427047
0.285328776415
0.399916151065
0.358029032719
0.351572337176
0.339151329252
0.347298707234
0.330232003257
0.353645109945
0.380748189329
0.316144278656
0.36623076307
0.357609165037
0.351486862248
0.398224682552
0.37245108824
0.35011862869
0.292149603636
0.318739780641
0.345725374974
0.356128575043
0.319783658965
0.316875138145
0.336419915674
0.310161131064
0.33898803609
0.344762737155
0.336948289439
0.412231288138
0.371107416384
0.332695730866
0.340640266434
0.303911294091
0.325607846213
0.303719446542
0.313895944649
0.395384214992
0.349713435572
0.310921048988
0.392628921947
0.307315877156
0.38364372023
0.379631045717
0.356116450413
0.259739665438
0.37601071726
0.384037632529
0.385842092664
0.316539160334
0.28688163444
0.349040974278
0.284756464391
0.333110908444
0.38412029154
0.250308669853
0.366733563858
0.31755497387
0.320808179905
0.343199461718
0.41393008574
0.383506021325
0.387733017506
0.329295094127
0.31556628169
0.343330990066
0.359492001157
0.350918812784
0.335627301998
0.344925744257
0.318466269217
0.346888280288
0.273652072207
0.34770207957
0.399828181851
0.395882424012
0.343003584975
0.350818110907
0.328514692129
0.369133102085
0.337184807012
0.36767680114
0.342355848398
0.361135110977
0.352519364936
0.296532189116
0.362249884568
0.336698480927
0.314165821752
0.369838396996
0.313910100316
0.313328903246
0.334788362896
0.348654086775
0.41131611547
0.33982044557
0.324215440318
0.383317249773
0.375588734685
0.330965233977
0.354991796073
0.326455754193
0.376942159131
0.330470643319
0.321376951611
0.343639436332
0.363281837616
0.374748333919
0.351975811535
0.347695512623
0.270245226697
0.300815189097
0.313229338056
0.365463636364
0.258082956841
0.223490292052
0.333061561189
0.354336798243
0.320301271693
0.399283857679
0.366003064485
0.374384711529
0.375956200053
0.312588167658
0.336058971124
0.352165907987
0.350641947067
0.259961947372
0.333972896809
0.347906863216
0.387520475195
0.322425747571
0.334691762403
0.364841693227
0.371196248473
0.34310159158
0.353984429613
0.354394069067
0.353586756921
0.366090616922
0.295586535367
0.349294955993
0.331064843419
0.338358022336
0.366026958511
0.349773716992
0.389546594591
0.415846581095
0.348738486866
0.350124663046
0.292185996669
0.373643237599
0.285948370455
0.291242188463
0.365619115332
0.418085200784
0.350506963423
0.3562125368
0.32393296154
0.328927288645
0.360454170654
0.341475864119
0.336644357132
0.33690458674
0.347607348356
0.273716889195
0.347467197388
0.316775064531
0.304937785275
0.370111273136
0.342958997993
0.331619593737
0.328300946838
0.339230946087
0.353452996448
0.341190187555
0.351026066828
0.24816574354
0.354602141591
0.356120593016
0.347211959043
0.370671195193
0.342606785524
0.294137732657
0.359420283471
0.354347453127
0.337706397256
0.369776301477
0.270812924215
0.336218256846
0.344380447295
0.286371604113
0.365431168772
0.337301956885
0.333076436532
0.298701724745
0.317750696079
0.324159095645
0.346610102398
0.399141434961
0.282702638593
0.362380125001
0.329582230588
0.380662116959
0.358051723644
0.357241642283
0.378941561204
0.367259699605
0.36345447404
0.335025917829
0.378101257347
0.427639282188
0.342876941883
0.3529788713
0.348754006383
0.341013198061
0.362937130082
0.433726915029
0.36599498587
0.448619924566
0.369812915446
0.30336118147
0.342003259235
0.337293350447
0.334422915553
0.334315510055
0.376196067797
0.346745313095
0.349418612141
0.352341487569
0.338731767997
0.32332972531
0.343388844529
0.337970844095
-0.0743528443955
0.370694195762
0.334998768689
0.291179782306
0.316572970005
0.322839493338
0.309732316766
0.302677802269
0.349383918964
0.335707959524
0.37094422258
0.360039878145
0.34811898194
0.352982178334
0.371368708851
0.372309519786
0.28429852209
0.302091725332
0.36095115857
0.389555223555
0.294839025059
0.372470423246
0.331363514618
0.286945152996
0.300731171287
0.332728640029
0.361080354871
0.351604696708
0.297320818983
0.2506953684
